<?xml version="1.0" encoding="UTF-8"?>
<testng-results skipped="0" failed="1" ignored="0" total="6" passed="5">
  <reporter-output>
  </reporter-output>
  <suite name="Default suite" duration-ms="10262" started-at="2017-07-23T23:53:15Z" finished-at="2017-07-23T23:53:25Z">
    <groups>
    </groups>
    <test name="Default test" duration-ms="10262" started-at="2017-07-23T23:53:15Z" finished-at="2017-07-23T23:53:25Z">
      <class name="firstTestingPackage.FirstTestNGFile">
        <test-method status="FAIL" signature="InvalidLogin()[pri:0, instance:firstTestingPackage.FirstTestNGFile@1753acfe]" name="InvalidLogin" duration-ms="3763" started-at="2017-07-23T17:53:15Z" finished-at="2017-07-23T17:53:19Z">
          <exception class="java.lang.AssertionError">
            <message>
              <![CDATA[null]]>
            </message>
            <full-stacktrace>
              <![CDATA[java.lang.AssertionError: null
	at org.testng.Assert.fail(Assert.java:93)
	at org.testng.Assert.fail(Assert.java:100)
	at firstTestingPackage.FirstTestNGFile.InvalidLogin(FirstTestNGFile.java:42)
	at sun.reflect.NativeMethodAccessorImpl.invoke0(Native Method)
	at sun.reflect.NativeMethodAccessorImpl.invoke(NativeMethodAccessorImpl.java:62)
	at sun.reflect.DelegatingMethodAccessorImpl.invoke(DelegatingMethodAccessorImpl.java:43)
	at java.lang.reflect.Method.invoke(Method.java:498)
	at org.testng.internal.MethodInvocationHelper.invokeMethod(MethodInvocationHelper.java:108)
	at org.testng.internal.Invoker.invokeMethod(Invoker.java:661)
	at org.testng.internal.Invoker.invokeTestMethod(Invoker.java:869)
	at org.testng.internal.Invoker.invokeTestMethods(Invoker.java:1193)
	at org.testng.internal.TestMethodWorker.invokeTestMethods(TestMethodWorker.java:126)
	at org.testng.internal.TestMethodWorker.run(TestMethodWorker.java:109)
	at org.testng.TestRunner.privateRun(TestRunner.java:744)
	at org.testng.TestRunner.run(TestRunner.java:602)
	at org.testng.SuiteRunner.runTest(SuiteRunner.java:380)
	at org.testng.SuiteRunner.runSequentially(SuiteRunner.java:375)
	at org.testng.SuiteRunner.privateRun(SuiteRunner.java:340)
	at org.testng.SuiteRunner.run(SuiteRunner.java:289)
	at org.testng.SuiteRunnerWorker.runSuite(SuiteRunnerWorker.java:52)
	at org.testng.SuiteRunnerWorker.run(SuiteRunnerWorker.java:86)
	at org.testng.TestNG.runSuitesSequentially(TestNG.java:1301)
	at org.testng.TestNG.runSuitesLocally(TestNG.java:1226)
	at org.testng.TestNG.runSuites(TestNG.java:1144)
	at org.testng.TestNG.run(TestNG.java:1115)
	at org.testng.remote.AbstractRemoteTestNG.run(AbstractRemoteTestNG.java:132)
	at org.testng.remote.RemoteTestNG.initAndRun(RemoteTestNG.java:230)
	at org.testng.remote.RemoteTestNG.main(RemoteTestNG.java:76)
]]>
            </full-stacktrace>
          </exception> <!-- java.lang.AssertionError -->
          <reporter-output>
          </reporter-output>
        </test-method> <!-- InvalidLogin -->
        <test-method status="PASS" signature="Login()[pri:1, instance:firstTestingPackage.FirstTestNGFile@1753acfe]" name="Login" duration-ms="2886" started-at="2017-07-23T17:53:20Z" finished-at="2017-07-23T17:53:23Z">
          <reporter-output>
          </reporter-output>
        </test-method> <!-- Login -->
        <test-method status="PASS" signature="Reserve()[pri:2, instance:firstTestingPackage.FirstTestNGFile@1753acfe]" name="Reserve" duration-ms="281" started-at="2017-07-23T17:53:23Z" finished-at="2017-07-23T17:53:23Z">
          <reporter-output>
          </reporter-output>
        </test-method> <!-- Reserve -->
        <test-method status="PASS" signature="Search()[pri:3, instance:firstTestingPackage.FirstTestNGFile@1753acfe]" name="Search" duration-ms="860" started-at="2017-07-23T17:53:23Z" finished-at="2017-07-23T17:53:24Z">
          <reporter-output>
          </reporter-output>
        </test-method> <!-- Search -->
        <test-method status="PASS" signature="EnterDetails()[pri:4, instance:firstTestingPackage.FirstTestNGFile@1753acfe]" name="EnterDetails" duration-ms="994" started-at="2017-07-23T17:53:24Z" finished-at="2017-07-23T17:53:25Z">
          <reporter-output>
          </reporter-output>
        </test-method> <!-- EnterDetails -->
        <test-method status="PASS" signature="Purchase()[pri:5, instance:firstTestingPackage.FirstTestNGFile@1753acfe]" name="Purchase" duration-ms="491" started-at="2017-07-23T17:53:25Z" finished-at="2017-07-23T17:53:25Z">
          <reporter-output>
          </reporter-output>
        </test-method> <!-- Purchase -->
        <test-method status="PASS" signature="tearDown()[pri:0, instance:firstTestingPackage.FirstTestNGFile@1753acfe]" name="tearDown" is-config="true" duration-ms="2409" started-at="2017-07-23T17:53:26Z" finished-at="2017-07-23T17:53:28Z">
          <reporter-output>
          </reporter-output>
        </test-method> <!-- tearDown -->
      </class> <!-- firstTestingPackage.FirstTestNGFile -->
    </test> <!-- Default test -->
  </suite> <!-- Default suite -->
</testng-results>
